[debug] [2022-06-28T15:03:38.921Z] ----------------------------------------------------------------------
[debug] [2022-06-28T15:03:38.923Z] Command:       C:\Program Files\nodejs\node.exe C:\Users\nairs\AppData\Roaming\npm\node_modules\firebase-tools\lib\bin\firebase.js init
[debug] [2022-06-28T15:03:38.923Z] CLI Version:   11.1.0
[debug] [2022-06-28T15:03:38.923Z] Platform:      win32
[debug] [2022-06-28T15:03:38.924Z] Node Version:  v16.15.0
[debug] [2022-06-28T15:03:38.924Z] Time:          Tue Jun 28 2022 20:33:38 GMT+0530 (India Standard Time)
[debug] [2022-06-28T15:03:38.924Z] ----------------------------------------------------------------------
[debug] 
[debug] [2022-06-28T15:03:38.931Z] > command requires scopes: ["email","openid","https://www.googleapis.com/auth/cloudplatformprojects.readonly","https://www.googleapis.com/auth/firebase","https://www.googleapis.com/auth/cloud-platform"]
[debug] [2022-06-28T15:03:38.932Z] > authorizing via signed-in user (nairsid2@gmail.com)
[info] 
     ######## #### ########  ######## ########     ###     ######  ########
     ##        ##  ##     ## ##       ##     ##  ##   ##  ##       ##
     ######    ##  ########  ######   ########  #########  ######  ######
     ##        ##  ##    ##  ##       ##     ## ##     ##       ## ##
     ##       #### ##     ## ######## ########  ##     ##  ######  ########

You're about to initialize a Firebase project in this directory:

  C:\Users\nairs\Desktop\react-course\09-time-to-practice-starting-code

[info] 
=== Project Setup
[info] 
[info] First, let's associate this project directory with a Firebase project.
[info] You can create multiple project aliases by running firebase use --add, 
[info] but for now we'll just set up a default project.
[info] 
[debug] [2022-06-28T15:04:24.761Z] >>> [apiv2][query] GET https://firebase.googleapis.com/v1beta1/projects pageSize=100
[debug] [2022-06-28T15:04:25.827Z] <<< [apiv2][status] GET https://firebase.googleapis.com/v1beta1/projects 200
[debug] [2022-06-28T15:04:25.828Z] <<< [apiv2][body] GET https://firebase.googleapis.com/v1beta1/projects [omitted]
[info] i  Using project reacthttp-c69ff (ReactHTTP) 
[info] 
=== Hosting Setup
[info] 
[info] Your public directory is the folder (relative to your project directory) that
[info] will contain Hosting assets to be uploaded with firebase deploy. If you
[info] have a build process for your assets, use your build's output directory.
[info] 
